[debug] [2021-03-13T15:06:50.229Z] ----------------------------------------------------------------------
[debug] [2021-03-13T15:06:50.233Z] Command:       /usr/local/bin/node /usr/local/bin/firebase deploy
[debug] [2021-03-13T15:06:50.234Z] CLI Version:   9.6.1
[debug] [2021-03-13T15:06:50.234Z] Platform:      darwin
[debug] [2021-03-13T15:06:50.234Z] Node Version:  v14.0.0
[debug] [2021-03-13T15:06:50.236Z] Time:          Sat Mar 13 2021 20:36:50 GMT+0530 (India Standard Time)
[debug] [2021-03-13T15:06:50.236Z] ----------------------------------------------------------------------
[debug] [2021-03-13T15:06:50.236Z] 
[debug] [2021-03-13T15:06:50.250Z] > command requires scopes: ["email","openid","https://www.googleapis.com/auth/cloudplatformprojects.readonly","https://www.googleapis.com/auth/firebase","https://www.googleapis.com/auth/cloud-platform"]
[debug] [2021-03-13T15:06:50.250Z] > authorizing via signed-in user
[debug] [2021-03-13T15:06:50.250Z] [iam] checking project ecommerceapplication-c2739 for permissions ["firebase.projects.get","firebasehosting.sites.update"]
[debug] [2021-03-13T15:06:50.252Z] > refreshing access token with scopes: ["email","https://www.googleapis.com/auth/cloud-platform","https://www.googleapis.com/auth/cloudplatformprojects.readonly","https://www.googleapis.com/auth/firebase","openid"]
[debug] [2021-03-13T15:06:50.253Z] >>> HTTP REQUEST POST https://www.googleapis.com/oauth2/v3/token  
 <request body omitted>
[debug] [2021-03-13T15:06:50.491Z] <<< HTTP RESPONSE 200 {"date":"Sat, 13 Mar 2021 15:06:50 GMT","cache-control":"no-cache, no-store, max-age=0, must-revalidate","expires":"Mon, 01 Jan 1990 00:00:00 GMT","pragma":"no-cache","content-type":"application/json; charset=utf-8","vary":"X-Origin, Referer, Origin,Accept-Encoding","server":"scaffolding on HTTPServer2","x-xss-protection":"0","x-frame-options":"SAMEORIGIN","x-content-type-options":"nosniff","alt-svc":"h3-29=\":443\"; ma=2592000,h3-T051=\":443\"; ma=2592000,h3-Q050=\":443\"; ma=2592000,h3-Q046=\":443\"; ma=2592000,h3-Q043=\":443\"; ma=2592000,quic=\":443\"; ma=2592000; v=\"46,43\"","accept-ranges":"none","transfer-encoding":"chunked"}
[debug] [2021-03-13T15:06:50.500Z] >>> HTTP REQUEST POST https://cloudresourcemanager.googleapis.com/v1/projects/ecommerceapplication-c2739:testIamPermissions  
 {"permissions":["firebase.projects.get","firebasehosting.sites.update"]}
[debug] [2021-03-13T15:06:52.091Z] <<< HTTP RESPONSE 200 {"content-type":"application/json; charset=UTF-8","vary":"X-Origin, Referer, Origin,Accept-Encoding","date":"Sat, 13 Mar 2021 15:06:51 GMT","server":"ESF","cache-control":"private","x-xss-protection":"0","x-frame-options":"SAMEORIGIN","x-content-type-options":"nosniff","server-timing":"gfet4t7; dur=1366","alt-svc":"h3-29=\":443\"; ma=2592000,h3-T051=\":443\"; ma=2592000,h3-Q050=\":443\"; ma=2592000,h3-Q046=\":443\"; ma=2592000,h3-Q043=\":443\"; ma=2592000,quic=\":443\"; ma=2592000; v=\"46,43\"","accept-ranges":"none","transfer-encoding":"chunked"}
[debug] [2021-03-13T15:06:52.094Z] > refreshing access token with scopes: []
[debug] [2021-03-13T15:06:52.094Z] >>> HTTP REQUEST POST https://www.googleapis.com/oauth2/v3/token  
 <request body omitted>
[debug] [2021-03-13T15:06:52.268Z] <<< HTTP RESPONSE 200 {"pragma":"no-cache","date":"Sat, 13 Mar 2021 15:06:52 GMT","expires":"Mon, 01 Jan 1990 00:00:00 GMT","cache-control":"no-cache, no-store, max-age=0, must-revalidate","content-type":"application/json; charset=utf-8","vary":"X-Origin, Referer, Origin,Accept-Encoding","server":"scaffolding on HTTPServer2","x-xss-protection":"0","x-frame-options":"SAMEORIGIN","x-content-type-options":"nosniff","alt-svc":"h3-29=\":443\"; ma=2592000,h3-T051=\":443\"; ma=2592000,h3-Q050=\":443\"; ma=2592000,h3-Q046=\":443\"; ma=2592000,h3-Q043=\":443\"; ma=2592000,quic=\":443\"; ma=2592000; v=\"46,43\"","accept-ranges":"none","transfer-encoding":"chunked"}
[debug] [2021-03-13T15:06:52.278Z] >>> [apiv2][query] GET https://firebase.googleapis.com/v1beta1/projects/ecommerceapplication-c2739 [none]
[debug] [2021-03-13T15:06:52.595Z] <<< [apiv2][status] GET https://firebase.googleapis.com/v1beta1/projects/ecommerceapplication-c2739 200
[debug] [2021-03-13T15:06:52.595Z] <<< [apiv2][body] GET https://firebase.googleapis.com/v1beta1/projects/ecommerceapplication-c2739 {"projectId":"ecommerceapplication-c2739","projectNumber":"352897377220","displayName":"ECommerceApplication","name":"projects/ecommerceapplication-c2739","resources":{"hostingSite":"ecommerceapplication-c2739","realtimeDatabaseInstance":"ecommerceapplication-c2739"},"state":"ACTIVE"}
[info] 
[info] === Deploying to 'ecommerceapplication-c2739'...
[info] 
[info] i  deploying hosting 
[error] 
[error] Error: Specified public directory 'dist/e-commerce' does not exist, can't deploy hosting to site ecommerceapplication-c2739
